<?xml version="1.0" encoding="UTF-8"?>
<!-- Generated by org.testng.reporters.JUnitXMLReporter -->
<testsuite hostname="Amrishs-MacBook-Air.local" ignored="0" name="Default test" tests="2" failures="0" timestamp="2020-12-19T20:08:00 PST" time="18.526" errors="0">
  <testcase name="testGetLoanOffer" time="10.524" classname="com.upgrade.uiautomation.UpgradeUIAutomation.test.LoanOfferTest"/>
  <testcase name="testValidateLoanOffer" time="6.844" classname="com.upgrade.uiautomation.UpgradeUIAutomation.test.LoanOfferTest"/>
</testsuite> <!-- Default test -->
